17/05/2024 11:37:32 - Starting application
17/05/2024 11:37:32 - Defined date:04/05/2023 00:00:00
17/05/2024 11:59:19 - Starting application
17/05/2024 11:59:19 - Defined date:04/05/2023 00:00:00
17/05/2024 12:26:55 - Starting application
17/05/2024 12:26:55 - Defined date:04/05/2023 00:00:00
17/05/2024 12:27:56 - Starting application
17/05/2024 12:27:56 - Defined date:04/05/2023 00:00:00
17/05/2024 12:35:52 - Starting application
17/05/2024 12:35:52 - Defined date:04/05/2023 00:00:00
17/05/2024 13:21:26 - Starting application
17/05/2024 13:21:26 - Defined date:04/05/2023 00:00:00
17/05/2024 13:21:26 - Deleted: c:\users\essias.souza\\OneDrive - FleetCor\DEV\Tests\Test_Enviroment\month01
17/05/2024 13:21:28 - Deleted: c:\users\essias.souza\\OneDrive - FleetCor\DEV\Tests\Test_Enviroment\month02
17/05/2024 13:21:30 - Deleted: c:\users\essias.souza\\OneDrive - FleetCor\DEV\Tests\Test_Enviroment\month03
17/05/2024 13:21:32 - End of purge process.
17/05/2024 13:21:32 - Deleted: c:\users\essias.souza\\OneDrive - FleetCor\DEV\Tests\Test_Enviroment\month04\abr01
17/05/2024 13:21:35 - Deleted: c:\users\essias.souza\\OneDrive - FleetCor\DEV\Tests\Test_Enviroment\month04\abr02
17/05/2024 13:21:37 - Deleted: c:\users\essias.souza\\OneDrive - FleetCor\DEV\Tests\Test_Enviroment\month04\abr03
17/05/2024 13:21:39 - Deleted: c:\users\essias.souza\\OneDrive - FleetCor\DEV\Tests\Test_Enviroment\month04\abr04
17/05/2024 13:21:41 - Deleted: c:\users\essias.souza\\OneDrive - FleetCor\DEV\Tests\Test_Enviroment\month04\abr05
17/05/2024 13:21:43 - Deleted: c:\users\essias.souza\\OneDrive - FleetCor\DEV\Tests\Test_Enviroment\month04\abr06
17/05/2024 13:21:45 - Deleted: c:\users\essias.souza\\OneDrive - FleetCor\DEV\Tests\Test_Enviroment\month04\abr07
17/05/2024 13:21:47 - Deleted: c:\users\essias.souza\\OneDrive - FleetCor\DEV\Tests\Test_Enviroment\month04\abr08
17/05/2024 13:21:49 - Deleted: c:\users\essias.souza\\OneDrive - FleetCor\DEV\Tests\Test_Enviroment\month04\abr09
17/05/2024 13:21:51 - Deleted: c:\users\essias.souza\\OneDrive - FleetCor\DEV\Tests\Test_Enviroment\month04\abr10
17/05/2024 13:21:53 - Deleted: c:\users\essias.souza\\OneDrive - FleetCor\DEV\Tests\Test_Enviroment\month04\abr11
17/05/2024 13:21:55 - Deleted: c:\users\essias.souza\\OneDrive - FleetCor\DEV\Tests\Test_Enviroment\month04\abr12
17/05/2024 13:21:57 - Deleted: c:\users\essias.souza\\OneDrive - FleetCor\DEV\Tests\Test_Enviroment\month04\abr13
17/05/2024 13:21:59 - Deleted: c:\users\essias.souza\\OneDrive - FleetCor\DEV\Tests\Test_Enviroment\month04\abr14
17/05/2024 13:22:01 - Deleted: c:\users\essias.souza\\OneDrive - FleetCor\DEV\Tests\Test_Enviroment\month04\abr15
17/05/2024 13:22:03 - Deleted: c:\users\essias.souza\\OneDrive - FleetCor\DEV\Tests\Test_Enviroment\month04\abr16
17/05/2024 13:22:05 - Deleted: c:\users\essias.souza\\OneDrive - FleetCor\DEV\Tests\Test_Enviroment\month04\abr17
17/05/2024 13:22:07 - Deleted: c:\users\essias.souza\\OneDrive - FleetCor\DEV\Tests\Test_Enviroment\month04\abr18
17/05/2024 13:22:09 - Deleted: c:\users\essias.souza\\OneDrive - FleetCor\DEV\Tests\Test_Enviroment\month04\abr19
17/05/2024 13:22:11 - Deleted: c:\users\essias.souza\\OneDrive - FleetCor\DEV\Tests\Test_Enviroment\month04\abr20
17/05/2024 13:22:13 - Deleted: c:\users\essias.souza\\OneDrive - FleetCor\DEV\Tests\Test_Enviroment\month04\abr21
17/05/2024 13:22:15 - Deleted: c:\users\essias.souza\\OneDrive - FleetCor\DEV\Tests\Test_Enviroment\month04\abr22
17/05/2024 13:22:17 - Deleted: c:\users\essias.souza\\OneDrive - FleetCor\DEV\Tests\Test_Enviroment\month04\abr23
17/05/2024 13:22:19 - Deleted: c:\users\essias.souza\\OneDrive - FleetCor\DEV\Tests\Test_Enviroment\month04\abr24
17/05/2024 13:22:21 - Deleted: c:\users\essias.souza\\OneDrive - FleetCor\DEV\Tests\Test_Enviroment\month04\abr25
17/05/2024 13:22:23 - Deleted: c:\users\essias.souza\\OneDrive - FleetCor\DEV\Tests\Test_Enviroment\month04\abr26
17/05/2024 13:22:25 - Deleted: c:\users\essias.souza\\OneDrive - FleetCor\DEV\Tests\Test_Enviroment\month04\abr27
17/05/2024 13:22:27 - Deleted: c:\users\essias.souza\\OneDrive - FleetCor\DEV\Tests\Test_Enviroment\month04\abr28
17/05/2024 13:22:29 - Deleted: c:\users\essias.souza\\OneDrive - FleetCor\DEV\Tests\Test_Enviroment\month04\abr29
17/05/2024 13:22:31 - End of purge process.
17/05/2024 13:22:31 - End of purge process.
17/05/2024 13:22:31 - End of purge process.
17/05/2024 13:22:31 - End of purge process.
17/05/2024 13:22:31 - End of purge process.
17/05/2024 13:22:31 - End of purge process.
17/05/2024 13:22:31 - End of purge process.
17/05/2024 13:22:31 - End of purge process.
17/05/2024 13:22:31 - End of purge process.
17/05/2024 13:25:29 - Starting application
17/05/2024 13:25:29 - Defined date:04/05/2023 00:00:00
17/05/2024 13:25:29 - Deleted: c:\users\essias.souza\\OneDrive - FleetCor\DEV\Tests\Test_Enviroment\month01
17/05/2024 13:25:31 - Deleted: c:\users\essias.souza\\OneDrive - FleetCor\DEV\Tests\Test_Enviroment\month02
17/05/2024 13:25:33 - Deleted: c:\users\essias.souza\\OneDrive - FleetCor\DEV\Tests\Test_Enviroment\month03
17/05/2024 13:25:35 - Deleted: c:\users\essias.souza\\OneDrive - FleetCor\DEV\Tests\Test_Enviroment\month04
17/05/2024 13:25:37 - End of purge process.
17/05/2024 13:25:37 - End of purge process.
17/05/2024 13:25:37 - End of purge process.
17/05/2024 13:25:37 - End of purge process.
17/05/2024 13:25:37 - End of purge process.
17/05/2024 13:25:37 - End of purge process.
17/05/2024 13:25:37 - End of purge process.
17/05/2024 13:25:37 - End of purge process.
17/05/2024 13:25:37 - End of purge process.
17/05/2024 13:25:37 - Process finished.
17/05/2024 16:19:52 - Starting application
17/05/2024 16:19:52 - Defined date:04/05/2023 00:00:00
17/05/2024 16:19:52 - Deleted: c:\users\essias.souza\\OneDrive - FleetCor\DEV\Tests\Test_Enviroment\month01
17/05/2024 16:19:54 - Deleted: c:\users\essias.souza\\OneDrive - FleetCor\DEV\Tests\Test_Enviroment\month02
17/05/2024 16:19:56 - Deleted: c:\users\essias.souza\\OneDrive - FleetCor\DEV\Tests\Test_Enviroment\month03
17/05/2024 16:19:58 - Deleted: c:\users\essias.souza\\OneDrive - FleetCor\DEV\Tests\Test_Enviroment\month04
17/05/2024 16:20:00 - End of purge process.
17/05/2024 16:20:00 - End of purge process.
17/05/2024 16:20:00 - End of purge process.
17/05/2024 16:20:00 - End of purge process.
17/05/2024 16:20:00 - End of purge process.
17/05/2024 16:20:00 - End of purge process.
17/05/2024 16:20:00 - End of purge process.
17/05/2024 16:20:00 - End of purge process.
17/05/2024 16:20:00 - End of purge process.
17/05/2024 16:20:00 - Process finished.
17/05/2024 16:24:45 - Starting application
17/05/2024 16:24:45 - Defined date:04/05/2023 00:00:00
17/05/2024 16:24:45 - Deleted: c:\users\essias.souza\\OneDrive - FleetCor\DEV\Tests\Test_Enviroment\month01
17/05/2024 16:24:47 - Deleted: c:\users\essias.souza\\OneDrive - FleetCor\DEV\Tests\Test_Enviroment\month02
17/05/2024 16:24:49 - Deleted: c:\users\essias.souza\\OneDrive - FleetCor\DEV\Tests\Test_Enviroment\month03
17/05/2024 16:24:51 - Deleted: c:\users\essias.souza\\OneDrive - FleetCor\DEV\Tests\Test_Enviroment\month04
17/05/2024 16:24:53 - End of purge process.
17/05/2024 16:24:53 - End of purge process.
17/05/2024 16:24:53 - End of purge process.
17/05/2024 16:24:53 - End of purge process.
17/05/2024 16:24:53 - End of purge process.
17/05/2024 16:24:53 - End of purge process.
17/05/2024 16:24:53 - End of purge process.
17/05/2024 16:24:53 - End of purge process.
17/05/2024 16:24:53 - End of purge process.
17/05/2024 16:24:53 - Process finished.
17/05/2024 16:31:05 - Starting application
17/05/2024 16:31:05 - Defined date:04/05/2023 00:00:00
17/05/2024 16:31:05 - Deleted: c:\users\essias.souza\\OneDrive - FleetCor\DEV\Tests\Test_Enviroment\month01
17/05/2024 16:31:07 - Deleted: c:\users\essias.souza\\OneDrive - FleetCor\DEV\Tests\Test_Enviroment\month02
17/05/2024 16:31:09 - Deleted: c:\users\essias.souza\\OneDrive - FleetCor\DEV\Tests\Test_Enviroment\month03
17/05/2024 16:31:11 - Deleted: c:\users\essias.souza\\OneDrive - FleetCor\DEV\Tests\Test_Enviroment\month04
17/05/2024 16:31:13 - End of purge process.
17/05/2024 16:31:13 - End of purge process.
17/05/2024 16:31:13 - End of purge process.
17/05/2024 16:31:13 - End of purge process.
17/05/2024 16:31:13 - End of purge process.
17/05/2024 16:31:13 - End of purge process.
17/05/2024 16:31:13 - End of purge process.
17/05/2024 16:31:13 - End of purge process.
17/05/2024 16:31:13 - End of purge process.
17/05/2024 16:31:13 - Process finished.
17/05/2024 16:36:15 - Starting application
17/05/2024 16:36:15 - Defined date:04/05/2023 00:00:00
17/05/2024 16:36:15 - Deleted: c:\users\essias.souza\\OneDrive - FleetCor\DEV\Tests\Test_Enviroment\month01
17/05/2024 16:36:17 - Deleted: c:\users\essias.souza\\OneDrive - FleetCor\DEV\Tests\Test_Enviroment\month02
17/05/2024 16:36:19 - Deleted: c:\users\essias.souza\\OneDrive - FleetCor\DEV\Tests\Test_Enviroment\month03
17/05/2024 16:36:21 - Deleted: c:\users\essias.souza\\OneDrive - FleetCor\DEV\Tests\Test_Enviroment\month04
17/05/2024 16:36:23 - End of purge process.
17/05/2024 16:36:23 - End of purge process.
17/05/2024 16:36:25 - End of purge process.
17/05/2024 16:36:27 - End of purge process.
17/05/2024 16:36:29 - End of purge process.
17/05/2024 16:36:31 - End of purge process.
17/05/2024 16:36:33 - End of purge process.
17/05/2024 16:36:35 - End of purge process.
17/05/2024 16:36:37 - End of purge process.
17/05/2024 16:36:37 - Process finished.
17/05/2024 16:37:51 - Starting application
17/05/2024 16:37:51 - Defined date:04/05/2023 00:00:00
17/05/2024 16:37:51 - Deleted: c:\users\essias.souza\\OneDrive - FleetCor\DEV\Tests\Test_Enviroment\month01
17/05/2024 16:37:53 - Deleted: c:\users\essias.souza\\OneDrive - FleetCor\DEV\Tests\Test_Enviroment\month02
17/05/2024 16:37:55 - Deleted: c:\users\essias.souza\\OneDrive - FleetCor\DEV\Tests\Test_Enviroment\month03
17/05/2024 16:37:57 - End of purge process.
17/05/2024 16:38:03 - Deleted: c:\users\essias.souza\\OneDrive - FleetCor\DEV\Tests\Test_Enviroment\month04\day_01
17/05/2024 16:38:05 - Deleted: c:\users\essias.souza\\OneDrive - FleetCor\DEV\Tests\Test_Enviroment\month04\day_02
17/05/2024 16:38:07 - Deleted: c:\users\essias.souza\\OneDrive - FleetCor\DEV\Tests\Test_Enviroment\month04\day_03
17/05/2024 16:38:09 - Deleted: c:\users\essias.souza\\OneDrive - FleetCor\DEV\Tests\Test_Enviroment\month04\day_04
17/05/2024 16:38:11 - Deleted: c:\users\essias.souza\\OneDrive - FleetCor\DEV\Tests\Test_Enviroment\month04\day_05
17/05/2024 16:38:13 - Deleted: c:\users\essias.souza\\OneDrive - FleetCor\DEV\Tests\Test_Enviroment\month04\day_06
17/05/2024 16:38:15 - Deleted: c:\users\essias.souza\\OneDrive - FleetCor\DEV\Tests\Test_Enviroment\month04\day_07
17/05/2024 16:38:17 - Deleted: c:\users\essias.souza\\OneDrive - FleetCor\DEV\Tests\Test_Enviroment\month04\day_08
17/05/2024 16:38:19 - Deleted: c:\users\essias.souza\\OneDrive - FleetCor\DEV\Tests\Test_Enviroment\month04\day_09
17/05/2024 16:38:21 - Deleted: c:\users\essias.souza\\OneDrive - FleetCor\DEV\Tests\Test_Enviroment\month04\day_10
17/05/2024 16:38:23 - Deleted: c:\users\essias.souza\\OneDrive - FleetCor\DEV\Tests\Test_Enviroment\month04\day_11
17/05/2024 16:38:25 - Deleted: c:\users\essias.souza\\OneDrive - FleetCor\DEV\Tests\Test_Enviroment\month04\day_12
17/05/2024 16:38:27 - Deleted: c:\users\essias.souza\\OneDrive - FleetCor\DEV\Tests\Test_Enviroment\month04\day_13
17/05/2024 16:38:29 - Deleted: c:\users\essias.souza\\OneDrive - FleetCor\DEV\Tests\Test_Enviroment\month04\day_14
17/05/2024 16:38:31 - Deleted: c:\users\essias.souza\\OneDrive - FleetCor\DEV\Tests\Test_Enviroment\month04\day_15
17/05/2024 16:38:33 - Deleted: c:\users\essias.souza\\OneDrive - FleetCor\DEV\Tests\Test_Enviroment\month04\day_16
17/05/2024 16:38:35 - Deleted: c:\users\essias.souza\\OneDrive - FleetCor\DEV\Tests\Test_Enviroment\month04\day_17
17/05/2024 16:38:37 - Deleted: c:\users\essias.souza\\OneDrive - FleetCor\DEV\Tests\Test_Enviroment\month04\day_18
17/05/2024 16:38:39 - Deleted: c:\users\essias.souza\\OneDrive - FleetCor\DEV\Tests\Test_Enviroment\month04\day_19
17/05/2024 16:38:41 - Deleted: c:\users\essias.souza\\OneDrive - FleetCor\DEV\Tests\Test_Enviroment\month04\day_20
17/05/2024 16:38:43 - Deleted: c:\users\essias.souza\\OneDrive - FleetCor\DEV\Tests\Test_Enviroment\month04\day_21
17/05/2024 16:38:45 - Deleted: c:\users\essias.souza\\OneDrive - FleetCor\DEV\Tests\Test_Enviroment\month04\day_22
17/05/2024 16:38:47 - Deleted: c:\users\essias.souza\\OneDrive - FleetCor\DEV\Tests\Test_Enviroment\month04\day_23
17/05/2024 16:38:49 - Deleted: c:\users\essias.souza\\OneDrive - FleetCor\DEV\Tests\Test_Enviroment\month04\day_24
17/05/2024 16:38:51 - Deleted: c:\users\essias.souza\\OneDrive - FleetCor\DEV\Tests\Test_Enviroment\month04\day_25
17/05/2024 16:38:53 - Deleted: c:\users\essias.souza\\OneDrive - FleetCor\DEV\Tests\Test_Enviroment\month04\day_26
17/05/2024 16:38:55 - Deleted: c:\users\essias.souza\\OneDrive - FleetCor\DEV\Tests\Test_Enviroment\month04\day_27
17/05/2024 16:38:57 - Deleted: c:\users\essias.souza\\OneDrive - FleetCor\DEV\Tests\Test_Enviroment\month04\day_28
17/05/2024 16:38:59 - Deleted: c:\users\essias.souza\\OneDrive - FleetCor\DEV\Tests\Test_Enviroment\month04\day_29
17/05/2024 16:39:01 - End of purge process.
17/05/2024 16:39:01 - End of purge process.
17/05/2024 16:39:03 - End of purge process.
17/05/2024 16:39:05 - End of purge process.
17/05/2024 16:39:07 - End of purge process.
17/05/2024 16:39:09 - End of purge process.
17/05/2024 16:39:11 - End of purge process.
17/05/2024 16:39:13 - End of purge process.
17/05/2024 16:39:15 - End of purge process.
17/05/2024 16:39:15 - Process finished.
17/05/2024 16:43:04 - Starting application
17/05/2024 16:43:04 - Defined date:17/05/2024 16:43:04
17/05/2024 16:43:04 - Deleted: c:\users\essias.souza\\OneDrive - FleetCor\DEV\Tests\Test_Enviroment\month05
17/05/2024 16:43:06 - Deleted: c:\users\essias.souza\\OneDrive - FleetCor\DEV\Tests\Test_Enviroment\month06
17/05/2024 16:43:08 - Deleted: c:\users\essias.souza\\OneDrive - FleetCor\DEV\Tests\Test_Enviroment\month07
17/05/2024 16:43:10 - Deleted: c:\users\essias.souza\\OneDrive - FleetCor\DEV\Tests\Test_Enviroment\month08
17/05/2024 16:43:12 - Deleted: c:\users\essias.souza\\OneDrive - FleetCor\DEV\Tests\Test_Enviroment\month09
17/05/2024 16:43:14 - Deleted: c:\users\essias.souza\\OneDrive - FleetCor\DEV\Tests\Test_Enviroment\month10
17/05/2024 16:43:16 - Deleted: c:\users\essias.souza\\OneDrive - FleetCor\DEV\Tests\Test_Enviroment\month11
17/05/2024 16:43:18 - Deleted: c:\users\essias.souza\\OneDrive - FleetCor\DEV\Tests\Test_Enviroment\month12
17/05/2024 16:43:20 - End of purge process.
17/05/2024 16:43:26 - Deleted: c:\users\essias.souza\\OneDrive - FleetCor\DEV\Tests\Test_Enviroment\month04\day_30
17/05/2024 16:43:28 - End of purge process.
17/05/2024 16:43:44 - Process finished.
17/05/2024 16:46:27 - Starting application
17/05/2024 16:46:27 - Defined date:17/05/2024 16:46:27
17/05/2024 16:46:27 - Deleted: c:\users\essias.souza\\OneDrive - FleetCor\DEV\Tests\Test_Enviroment\month01
17/05/2024 16:46:29 - Deleted: c:\users\essias.souza\\OneDrive - FleetCor\DEV\Tests\Test_Enviroment\month02
17/05/2024 16:46:31 - Deleted: c:\users\essias.souza\\OneDrive - FleetCor\DEV\Tests\Test_Enviroment\month03
17/05/2024 16:46:33 - Deleted: c:\users\essias.souza\\OneDrive - FleetCor\DEV\Tests\Test_Enviroment\month04
17/05/2024 16:46:35 - Deleted: c:\users\essias.souza\\OneDrive - FleetCor\DEV\Tests\Test_Enviroment\month06
17/05/2024 16:46:37 - Deleted: c:\users\essias.souza\\OneDrive - FleetCor\DEV\Tests\Test_Enviroment\month07
17/05/2024 16:46:39 - Deleted: c:\users\essias.souza\\OneDrive - FleetCor\DEV\Tests\Test_Enviroment\month08
17/05/2024 16:46:41 - Deleted: c:\users\essias.souza\\OneDrive - FleetCor\DEV\Tests\Test_Enviroment\month09
17/05/2024 16:46:43 - Deleted: c:\users\essias.souza\\OneDrive - FleetCor\DEV\Tests\Test_Enviroment\month10
17/05/2024 16:46:45 - Deleted: c:\users\essias.souza\\OneDrive - FleetCor\DEV\Tests\Test_Enviroment\month11
17/05/2024 16:46:47 - Deleted: c:\users\essias.souza\\OneDrive - FleetCor\DEV\Tests\Test_Enviroment\month12
17/05/2024 16:46:49 - End of purge process.
17/05/2024 16:46:57 - Deleted: c:\users\essias.souza\\OneDrive - FleetCor\DEV\Tests\Test_Enviroment\month05\day_01
17/05/2024 16:46:59 - Deleted: c:\users\essias.souza\\OneDrive - FleetCor\DEV\Tests\Test_Enviroment\month05\day_02
17/05/2024 16:47:01 - Deleted: c:\users\essias.souza\\OneDrive - FleetCor\DEV\Tests\Test_Enviroment\month05\day_03
17/05/2024 16:47:03 - Deleted: c:\users\essias.souza\\OneDrive - FleetCor\DEV\Tests\Test_Enviroment\month05\day_04
17/05/2024 16:47:05 - Deleted: c:\users\essias.souza\\OneDrive - FleetCor\DEV\Tests\Test_Enviroment\month05\day_05
17/05/2024 16:47:07 - Deleted: c:\users\essias.souza\\OneDrive - FleetCor\DEV\Tests\Test_Enviroment\month05\day_06
17/05/2024 16:47:09 - Deleted: c:\users\essias.souza\\OneDrive - FleetCor\DEV\Tests\Test_Enviroment\month05\day_07
17/05/2024 16:47:11 - Deleted: c:\users\essias.souza\\OneDrive - FleetCor\DEV\Tests\Test_Enviroment\month05\day_08
17/05/2024 16:47:13 - Deleted: c:\users\essias.souza\\OneDrive - FleetCor\DEV\Tests\Test_Enviroment\month05\day_09
17/05/2024 16:47:15 - Deleted: c:\users\essias.souza\\OneDrive - FleetCor\DEV\Tests\Test_Enviroment\month05\day_10
17/05/2024 16:47:17 - Deleted: c:\users\essias.souza\\OneDrive - FleetCor\DEV\Tests\Test_Enviroment\month05\day_11
17/05/2024 16:47:19 - Deleted: c:\users\essias.souza\\OneDrive - FleetCor\DEV\Tests\Test_Enviroment\month05\day_12
17/05/2024 16:47:21 - Deleted: c:\users\essias.souza\\OneDrive - FleetCor\DEV\Tests\Test_Enviroment\month05\day_13
17/05/2024 16:47:23 - Deleted: c:\users\essias.souza\\OneDrive - FleetCor\DEV\Tests\Test_Enviroment\month05\day_14
17/05/2024 16:47:25 - Deleted: c:\users\essias.souza\\OneDrive - FleetCor\DEV\Tests\Test_Enviroment\month05\day_15
17/05/2024 16:47:27 - Deleted: c:\users\essias.souza\\OneDrive - FleetCor\DEV\Tests\Test_Enviroment\month05\day_16
17/05/2024 16:47:29 - Deleted: c:\users\essias.souza\\OneDrive - FleetCor\DEV\Tests\Test_Enviroment\month05\day_17
17/05/2024 16:47:31 - Deleted: c:\users\essias.souza\\OneDrive - FleetCor\DEV\Tests\Test_Enviroment\month05\day_18
17/05/2024 16:47:33 - Deleted: c:\users\essias.souza\\OneDrive - FleetCor\DEV\Tests\Test_Enviroment\month05\day_19
17/05/2024 16:47:35 - Deleted: c:\users\essias.souza\\OneDrive - FleetCor\DEV\Tests\Test_Enviroment\month05\day_20
17/05/2024 16:47:37 - Deleted: c:\users\essias.souza\\OneDrive - FleetCor\DEV\Tests\Test_Enviroment\month05\day_21
17/05/2024 16:47:39 - Deleted: c:\users\essias.souza\\OneDrive - FleetCor\DEV\Tests\Test_Enviroment\month05\day_22
17/05/2024 16:47:41 - Deleted: c:\users\essias.souza\\OneDrive - FleetCor\DEV\Tests\Test_Enviroment\month05\day_23
17/05/2024 16:47:43 - Deleted: c:\users\essias.souza\\OneDrive - FleetCor\DEV\Tests\Test_Enviroment\month05\day_24
17/05/2024 16:47:45 - Deleted: c:\users\essias.souza\\OneDrive - FleetCor\DEV\Tests\Test_Enviroment\month05\day_25
17/05/2024 16:47:47 - Deleted: c:\users\essias.souza\\OneDrive - FleetCor\DEV\Tests\Test_Enviroment\month05\day_26
17/05/2024 16:47:49 - Deleted: c:\users\essias.souza\\OneDrive - FleetCor\DEV\Tests\Test_Enviroment\month05\day_27
17/05/2024 16:47:51 - Deleted: c:\users\essias.souza\\OneDrive - FleetCor\DEV\Tests\Test_Enviroment\month05\day_28
17/05/2024 16:47:53 - Deleted: c:\users\essias.souza\\OneDrive - FleetCor\DEV\Tests\Test_Enviroment\month05\day_29
17/05/2024 16:47:55 - Deleted: c:\users\essias.souza\\OneDrive - FleetCor\DEV\Tests\Test_Enviroment\month05\day_30
17/05/2024 16:47:57 - Deleted: c:\users\essias.souza\\OneDrive - FleetCor\DEV\Tests\Test_Enviroment\month05\day_31
17/05/2024 16:47:59 - End of purge process.
17/05/2024 16:48:13 - Process finished.
17/05/2024 16:49:49 - Starting application
17/05/2024 16:49:49 - Defined date:17/05/2024 16:49:49
17/05/2024 16:49:53 - End of purge process.
17/05/2024 16:49:55 - End of purge process.
17/05/2024 16:49:57 - End of purge process.
17/05/2024 16:49:59 - End of purge process.
17/05/2024 16:50:03 - End of purge process.
17/05/2024 16:50:05 - End of purge process.
17/05/2024 16:50:07 - End of purge process.
17/05/2024 16:50:09 - End of purge process.
17/05/2024 16:50:11 - End of purge process.
17/05/2024 16:50:13 - End of purge process.
17/05/2024 16:50:15 - End of purge process.
17/05/2024 16:50:15 - Process finished.
17/05/2024 16:51:50 - Starting application
17/05/2024 16:51:50 - Defined date:04/05/2023 00:00:00
17/05/2024 16:51:50 - Deleted: c:\users\essias.souza\\OneDrive - FleetCor\DEV\Tests\Test_Enviroment\month01
17/05/2024 16:51:52 - Deleted: c:\users\essias.souza\\OneDrive - FleetCor\DEV\Tests\Test_Enviroment\month02
17/05/2024 16:51:54 - Deleted: c:\users\essias.souza\\OneDrive - FleetCor\DEV\Tests\Test_Enviroment\month03
17/05/2024 16:51:56 - Deleted: c:\users\essias.souza\\OneDrive - FleetCor\DEV\Tests\Test_Enviroment\month04
17/05/2024 16:51:58 - End of purge process.
17/05/2024 16:52:06 - End of purge process.
17/05/2024 16:52:08 - End of purge process.
17/05/2024 16:52:10 - End of purge process.
17/05/2024 16:52:12 - End of purge process.
17/05/2024 16:52:14 - End of purge process.
17/05/2024 16:52:16 - End of purge process.
17/05/2024 16:52:18 - End of purge process.
17/05/2024 16:52:20 - End of purge process.
17/05/2024 16:52:20 - Process finished.
17/05/2024 16:55:34 - Starting application
17/05/2024 16:55:34 - Defined date:17/05/2024 16:55:34
17/05/2024 16:55:34 - Deleted: c:\users\essias.souza\\OneDrive - FleetCor\DEV\Tests\Test_Enviroment\month01
17/05/2024 16:55:36 - Deleted: c:\users\essias.souza\\OneDrive - FleetCor\DEV\Tests\Test_Enviroment\month02
17/05/2024 16:55:38 - Deleted: c:\users\essias.souza\\OneDrive - FleetCor\DEV\Tests\Test_Enviroment\month03
17/05/2024 16:55:40 - Deleted: c:\users\essias.souza\\OneDrive - FleetCor\DEV\Tests\Test_Enviroment\month04
17/05/2024 16:55:42 - End of purge process.
17/05/2024 16:55:50 - Deleted: c:\users\essias.souza\\OneDrive - FleetCor\DEV\Tests\Test_Enviroment\month05\day_01
17/05/2024 16:55:52 - Deleted: c:\users\essias.souza\\OneDrive - FleetCor\DEV\Tests\Test_Enviroment\month05\day_02
17/05/2024 16:55:54 - Deleted: c:\users\essias.souza\\OneDrive - FleetCor\DEV\Tests\Test_Enviroment\month05\day_03
17/05/2024 16:55:56 - Deleted: c:\users\essias.souza\\OneDrive - FleetCor\DEV\Tests\Test_Enviroment\month05\day_04
17/05/2024 16:55:58 - Deleted: c:\users\essias.souza\\OneDrive - FleetCor\DEV\Tests\Test_Enviroment\month05\day_05
17/05/2024 16:56:00 - Deleted: c:\users\essias.souza\\OneDrive - FleetCor\DEV\Tests\Test_Enviroment\month05\day_06
17/05/2024 16:56:02 - Deleted: c:\users\essias.souza\\OneDrive - FleetCor\DEV\Tests\Test_Enviroment\month05\day_07
17/05/2024 16:56:04 - Deleted: c:\users\essias.souza\\OneDrive - FleetCor\DEV\Tests\Test_Enviroment\month05\day_08
17/05/2024 16:56:06 - Deleted: c:\users\essias.souza\\OneDrive - FleetCor\DEV\Tests\Test_Enviroment\month05\day_09
17/05/2024 16:56:08 - Deleted: c:\users\essias.souza\\OneDrive - FleetCor\DEV\Tests\Test_Enviroment\month05\day_10
17/05/2024 16:56:10 - Deleted: c:\users\essias.souza\\OneDrive - FleetCor\DEV\Tests\Test_Enviroment\month05\day_11
17/05/2024 16:56:12 - Deleted: c:\users\essias.souza\\OneDrive - FleetCor\DEV\Tests\Test_Enviroment\month05\day_12
17/05/2024 16:56:14 - Deleted: c:\users\essias.souza\\OneDrive - FleetCor\DEV\Tests\Test_Enviroment\month05\day_13
17/05/2024 16:56:16 - End of purge process.
17/05/2024 16:56:18 - End of purge process.
17/05/2024 16:56:20 - End of purge process.
17/05/2024 16:56:22 - End of purge process.
17/05/2024 16:56:24 - End of purge process.
17/05/2024 16:56:26 - End of purge process.
17/05/2024 16:56:28 - End of purge process.
17/05/2024 16:56:30 - End of purge process.
17/05/2024 16:56:30 - Process finished.
17/05/2024 16:57:33 - Starting application
17/05/2024 16:57:33 - Defined date:17/05/2024 16:57:33
17/05/2024 16:57:33 - Deleted: c:\users\essias.souza\\OneDrive - FleetCor\DEV\Tests\Test_Enviroment\month01
17/05/2024 16:57:35 - Deleted: c:\users\essias.souza\\OneDrive - FleetCor\DEV\Tests\Test_Enviroment\month02
17/05/2024 16:57:37 - Deleted: c:\users\essias.souza\\OneDrive - FleetCor\DEV\Tests\Test_Enviroment\month03
17/05/2024 16:57:39 - Deleted: c:\users\essias.souza\\OneDrive - FleetCor\DEV\Tests\Test_Enviroment\month04
17/05/2024 16:57:41 - End of purge process.
17/05/2024 16:57:49 - Deleted: c:\users\essias.souza\\OneDrive - FleetCor\DEV\Tests\Test_Enviroment\month05\day_01
17/05/2024 16:57:51 - Deleted: c:\users\essias.souza\\OneDrive - FleetCor\DEV\Tests\Test_Enviroment\month05\day_02
17/05/2024 16:57:53 - Deleted: c:\users\essias.souza\\OneDrive - FleetCor\DEV\Tests\Test_Enviroment\month05\day_03
17/05/2024 16:57:55 - Deleted: c:\users\essias.souza\\OneDrive - FleetCor\DEV\Tests\Test_Enviroment\month05\day_04
17/05/2024 16:57:57 - Deleted: c:\users\essias.souza\\OneDrive - FleetCor\DEV\Tests\Test_Enviroment\month05\day_05
17/05/2024 16:57:59 - Deleted: c:\users\essias.souza\\OneDrive - FleetCor\DEV\Tests\Test_Enviroment\month05\day_06
17/05/2024 16:58:01 - Deleted: c:\users\essias.souza\\OneDrive - FleetCor\DEV\Tests\Test_Enviroment\month05\day_07
17/05/2024 16:58:03 - Deleted: c:\users\essias.souza\\OneDrive - FleetCor\DEV\Tests\Test_Enviroment\month05\day_08
17/05/2024 16:58:05 - Deleted: c:\users\essias.souza\\OneDrive - FleetCor\DEV\Tests\Test_Enviroment\month05\day_09
17/05/2024 16:58:07 - Deleted: c:\users\essias.souza\\OneDrive - FleetCor\DEV\Tests\Test_Enviroment\month05\day_10
17/05/2024 16:58:09 - End of purge process.
17/05/2024 16:58:11 - End of purge process.
17/05/2024 16:58:13 - End of purge process.
17/05/2024 16:58:15 - End of purge process.
17/05/2024 16:58:17 - End of purge process.
17/05/2024 16:58:19 - End of purge process.
17/05/2024 16:58:21 - End of purge process.
17/05/2024 16:58:23 - End of purge process.
17/05/2024 16:58:23 - Process finished.
17/05/2024 16:59:22 - Starting application
17/05/2024 16:59:22 - Defined date:17/05/2024 16:59:22
17/05/2024 16:59:22 - End of purge process.
17/05/2024 16:59:30 - End of purge process.
17/05/2024 16:59:32 - End of purge process.
17/05/2024 16:59:34 - End of purge process.
17/05/2024 16:59:36 - End of purge process.
17/05/2024 16:59:38 - End of purge process.
17/05/2024 16:59:40 - End of purge process.
17/05/2024 16:59:42 - End of purge process.
17/05/2024 16:59:44 - End of purge process.
17/05/2024 16:59:44 - Process finished.
