17/05/2024 19:05:20 - Starting application
17/05/2024 19:05:20 - Defined date:17/05/2024 19:05:20
17/05/2024 19:05:20 - None
17/05/2024 19:05:58 - Starting application
17/05/2024 19:05:58 - Defined date:17/05/2024 19:05:58
17/05/2024 19:05:58 - None
17/05/2024 19:06:18 - Starting application
17/05/2024 19:06:18 - Defined date:17/05/2024 19:06:18
17/05/2024 19:06:18 - ('Waiting for', 86400, 'seconds (', 24.0, 'hours ) to execute again.')
17/05/2024 19:07:31 - Starting application
17/05/2024 19:07:31 - Defined date:17/05/2024 19:07:31
17/05/2024 19:07:52 - Starting application
17/05/2024 19:07:52 - Defined date:17/05/2024 19:07:52
17/05/2024 19:07:52 - ('Waiting for', 86400, 'seconds (', 24.0, 'hours ) to execute again.')
17/05/2024 19:11:01 - Starting application
17/05/2024 19:11:01 - Defined date:17/05/2024 19:11:01
17/05/2024 19:11:01 - Waiting for 86400 seconds (24.0) to execute again.
17/05/2024 19:11:10 - Starting application
17/05/2024 19:11:10 - Defined date:17/05/2024 19:11:10
17/05/2024 19:11:10 - Waiting for 86400 seconds (24.0 hours) to execute again.
