15/05/2024 10:36:17 - Starting application
15/05/2024 10:36:17 - Deleted: C:\\Users\\essias.souza\\OneDrive - FleetCor\DEV\\Python\\ConcLimpBackupV2.0.0\\Test_Enviroment\\month04\abr01
15/05/2024 10:36:19 - Deleted: C:\\Users\\essias.souza\\OneDrive - FleetCor\DEV\\Python\\ConcLimpBackupV2.0.0\\Test_Enviroment\\month04\abr02
15/05/2024 10:36:21 - Deleted: C:\\Users\\essias.souza\\OneDrive - FleetCor\DEV\\Python\\ConcLimpBackupV2.0.0\\Test_Enviroment\\month04\abr03
15/05/2024 10:36:23 - Deleted: C:\\Users\\essias.souza\\OneDrive - FleetCor\DEV\\Python\\ConcLimpBackupV2.0.0\\Test_Enviroment\\month04\abr04
15/05/2024 10:36:25 - Deleted: C:\\Users\\essias.souza\\OneDrive - FleetCor\DEV\\Python\\ConcLimpBackupV2.0.0\\Test_Enviroment\\month04\abr05
15/05/2024 10:36:27 - Deleted: C:\\Users\\essias.souza\\OneDrive - FleetCor\DEV\\Python\\ConcLimpBackupV2.0.0\\Test_Enviroment\\month04\abr06
15/05/2024 10:36:29 - Deleted: C:\\Users\\essias.souza\\OneDrive - FleetCor\DEV\\Python\\ConcLimpBackupV2.0.0\\Test_Enviroment\\month04\abr07
15/05/2024 10:36:31 - Deleted: C:\\Users\\essias.souza\\OneDrive - FleetCor\DEV\\Python\\ConcLimpBackupV2.0.0\\Test_Enviroment\\month04\abr08
15/05/2024 10:36:33 - Deleted: C:\\Users\\essias.souza\\OneDrive - FleetCor\DEV\\Python\\ConcLimpBackupV2.0.0\\Test_Enviroment\\month04\abr09
15/05/2024 10:36:35 - Deleted: C:\\Users\\essias.souza\\OneDrive - FleetCor\DEV\\Python\\ConcLimpBackupV2.0.0\\Test_Enviroment\\month04\abr10
15/05/2024 10:36:37 - Deleted: C:\\Users\\essias.souza\\OneDrive - FleetCor\DEV\\Python\\ConcLimpBackupV2.0.0\\Test_Enviroment\\month04\abr11
15/05/2024 10:36:39 - Deleted: C:\\Users\\essias.souza\\OneDrive - FleetCor\DEV\\Python\\ConcLimpBackupV2.0.0\\Test_Enviroment\\month04\abr12
15/05/2024 10:36:41 - Deleted: C:\\Users\\essias.souza\\OneDrive - FleetCor\DEV\\Python\\ConcLimpBackupV2.0.0\\Test_Enviroment\\month04\abr13
15/05/2024 10:36:43 - Deleted: C:\\Users\\essias.souza\\OneDrive - FleetCor\DEV\\Python\\ConcLimpBackupV2.0.0\\Test_Enviroment\\month04\abr14
15/05/2024 10:36:45 - Deleted: C:\\Users\\essias.souza\\OneDrive - FleetCor\DEV\\Python\\ConcLimpBackupV2.0.0\\Test_Enviroment\\month04\abr15
15/05/2024 10:36:47 - Deleted: C:\\Users\\essias.souza\\OneDrive - FleetCor\DEV\\Python\\ConcLimpBackupV2.0.0\\Test_Enviroment\\month04\abr16
15/05/2024 10:36:49 - Deleted: C:\\Users\\essias.souza\\OneDrive - FleetCor\DEV\\Python\\ConcLimpBackupV2.0.0\\Test_Enviroment\\month04\abr17
15/05/2024 10:36:51 - Deleted: C:\\Users\\essias.souza\\OneDrive - FleetCor\DEV\\Python\\ConcLimpBackupV2.0.0\\Test_Enviroment\\month04\abr18
15/05/2024 10:36:53 - Deleted: C:\\Users\\essias.souza\\OneDrive - FleetCor\DEV\\Python\\ConcLimpBackupV2.0.0\\Test_Enviroment\\month04\abr19
15/05/2024 10:36:55 - Deleted: C:\\Users\\essias.souza\\OneDrive - FleetCor\DEV\\Python\\ConcLimpBackupV2.0.0\\Test_Enviroment\\month04\abr20
15/05/2024 10:36:57 - Deleted: C:\\Users\\essias.souza\\OneDrive - FleetCor\DEV\\Python\\ConcLimpBackupV2.0.0\\Test_Enviroment\\month04\abr21
15/05/2024 10:36:59 - Deleted: C:\\Users\\essias.souza\\OneDrive - FleetCor\DEV\\Python\\ConcLimpBackupV2.0.0\\Test_Enviroment\\month04\abr22
15/05/2024 10:37:01 - Deleted: C:\\Users\\essias.souza\\OneDrive - FleetCor\DEV\\Python\\ConcLimpBackupV2.0.0\\Test_Enviroment\\month04\abr23
15/05/2024 10:37:03 - Deleted: C:\\Users\\essias.souza\\OneDrive - FleetCor\DEV\\Python\\ConcLimpBackupV2.0.0\\Test_Enviroment\\month04\abr24
15/05/2024 10:37:05 - Deleted: C:\\Users\\essias.souza\\OneDrive - FleetCor\DEV\\Python\\ConcLimpBackupV2.0.0\\Test_Enviroment\\month04\abr25
15/05/2024 10:37:07 - Deleted: C:\\Users\\essias.souza\\OneDrive - FleetCor\DEV\\Python\\ConcLimpBackupV2.0.0\\Test_Enviroment\\month04\abr26
15/05/2024 10:37:09 - Deleted: C:\\Users\\essias.souza\\OneDrive - FleetCor\DEV\\Python\\ConcLimpBackupV2.0.0\\Test_Enviroment\\month04\abr27
15/05/2024 10:37:11 - Deleted: C:\\Users\\essias.souza\\OneDrive - FleetCor\DEV\\Python\\ConcLimpBackupV2.0.0\\Test_Enviroment\\month04\abr28
15/05/2024 10:37:13 - Deleted: C:\\Users\\essias.souza\\OneDrive - FleetCor\DEV\\Python\\ConcLimpBackupV2.0.0\\Test_Enviroment\\month04\abr29
15/05/2024 10:37:15 - End of process.
15/05/2024 14:02:23 - Starting application
15/05/2024 14:02:23 - Deleted: C:\\Users\\essias.souza\\OneDrive - FleetCor\DEV\\Python\\ConcLimpBackupV2.0.0\\Test_Enviroment\\month04\abr01
15/05/2024 14:02:25 - Deleted: C:\\Users\\essias.souza\\OneDrive - FleetCor\DEV\\Python\\ConcLimpBackupV2.0.0\\Test_Enviroment\\month04\abr02
15/05/2024 14:02:27 - Deleted: C:\\Users\\essias.souza\\OneDrive - FleetCor\DEV\\Python\\ConcLimpBackupV2.0.0\\Test_Enviroment\\month04\abr03
15/05/2024 14:02:29 - Deleted: C:\\Users\\essias.souza\\OneDrive - FleetCor\DEV\\Python\\ConcLimpBackupV2.0.0\\Test_Enviroment\\month04\abr04
15/05/2024 14:02:52 - Starting application
15/05/2024 14:02:52 - Deleted: C:\\Users\\essias.souza\\OneDrive - FleetCor\DEV\\Python\\ConcLimpBackupV2.0.0\\Test_Enviroment\\month04\abr05
15/05/2024 14:03:40 - Starting application
15/05/2024 14:03:40 - Deleted: C:\\Users\\essias.souza\\OneDrive - FleetCor\DEV\\Python\\ConcLimpBackupV2.0.0\\Test_Enviroment\\month04\abr06
15/05/2024 14:04:39 - Starting application
15/05/2024 14:04:39 - Defined date:04/05/2024 00:00:00
15/05/2024 14:04:39 - Deleted: C:\\Users\\essias.souza\\OneDrive - FleetCor\DEV\\Python\\ConcLimpBackupV2.0.0\\Test_Enviroment\\month04\abr07
15/05/2024 14:05:19 - Starting application
15/05/2024 14:05:19 - Defined date:04/05/2024 00:00:00
15/05/2024 14:05:19 - Deleted: C:\\Users\\essias.souza\\OneDrive - FleetCor\DEV\\Python\\ConcLimpBackupV2.0.0\\Test_Enviroment\\month04\abr08
15/05/2024 14:05:21 - Deleted: C:\\Users\\essias.souza\\OneDrive - FleetCor\DEV\\Python\\ConcLimpBackupV2.0.0\\Test_Enviroment\\month04\abr09
15/05/2024 14:05:23 - Deleted: C:\\Users\\essias.souza\\OneDrive - FleetCor\DEV\\Python\\ConcLimpBackupV2.0.0\\Test_Enviroment\\month04\abr10
15/05/2024 14:05:25 - Deleted: C:\\Users\\essias.souza\\OneDrive - FleetCor\DEV\\Python\\ConcLimpBackupV2.0.0\\Test_Enviroment\\month04\abr11
15/05/2024 14:05:27 - Deleted: C:\\Users\\essias.souza\\OneDrive - FleetCor\DEV\\Python\\ConcLimpBackupV2.0.0\\Test_Enviroment\\month04\abr12
15/05/2024 14:05:29 - Deleted: C:\\Users\\essias.souza\\OneDrive - FleetCor\DEV\\Python\\ConcLimpBackupV2.0.0\\Test_Enviroment\\month04\abr13
15/05/2024 14:05:31 - Deleted: C:\\Users\\essias.souza\\OneDrive - FleetCor\DEV\\Python\\ConcLimpBackupV2.0.0\\Test_Enviroment\\month04\abr14
15/05/2024 14:05:33 - Deleted: C:\\Users\\essias.souza\\OneDrive - FleetCor\DEV\\Python\\ConcLimpBackupV2.0.0\\Test_Enviroment\\month04\abr15
15/05/2024 14:05:35 - Deleted: C:\\Users\\essias.souza\\OneDrive - FleetCor\DEV\\Python\\ConcLimpBackupV2.0.0\\Test_Enviroment\\month04\abr16
15/05/2024 14:05:37 - Deleted: C:\\Users\\essias.souza\\OneDrive - FleetCor\DEV\\Python\\ConcLimpBackupV2.0.0\\Test_Enviroment\\month04\abr17
15/05/2024 14:05:39 - Deleted: C:\\Users\\essias.souza\\OneDrive - FleetCor\DEV\\Python\\ConcLimpBackupV2.0.0\\Test_Enviroment\\month04\abr18
15/05/2024 14:05:41 - Deleted: C:\\Users\\essias.souza\\OneDrive - FleetCor\DEV\\Python\\ConcLimpBackupV2.0.0\\Test_Enviroment\\month04\abr19
15/05/2024 14:05:43 - Deleted: C:\\Users\\essias.souza\\OneDrive - FleetCor\DEV\\Python\\ConcLimpBackupV2.0.0\\Test_Enviroment\\month04\abr20
15/05/2024 14:05:45 - Deleted: C:\\Users\\essias.souza\\OneDrive - FleetCor\DEV\\Python\\ConcLimpBackupV2.0.0\\Test_Enviroment\\month04\abr21
15/05/2024 14:05:47 - Deleted: C:\\Users\\essias.souza\\OneDrive - FleetCor\DEV\\Python\\ConcLimpBackupV2.0.0\\Test_Enviroment\\month04\abr22
15/05/2024 14:05:49 - Deleted: C:\\Users\\essias.souza\\OneDrive - FleetCor\DEV\\Python\\ConcLimpBackupV2.0.0\\Test_Enviroment\\month04\abr23
15/05/2024 14:05:51 - Deleted: C:\\Users\\essias.souza\\OneDrive - FleetCor\DEV\\Python\\ConcLimpBackupV2.0.0\\Test_Enviroment\\month04\abr24
15/05/2024 14:05:53 - Deleted: C:\\Users\\essias.souza\\OneDrive - FleetCor\DEV\\Python\\ConcLimpBackupV2.0.0\\Test_Enviroment\\month04\abr25
15/05/2024 14:05:55 - Deleted: C:\\Users\\essias.souza\\OneDrive - FleetCor\DEV\\Python\\ConcLimpBackupV2.0.0\\Test_Enviroment\\month04\abr26
15/05/2024 14:05:57 - Deleted: C:\\Users\\essias.souza\\OneDrive - FleetCor\DEV\\Python\\ConcLimpBackupV2.0.0\\Test_Enviroment\\month04\abr27
15/05/2024 14:05:59 - Deleted: C:\\Users\\essias.souza\\OneDrive - FleetCor\DEV\\Python\\ConcLimpBackupV2.0.0\\Test_Enviroment\\month04\abr28
15/05/2024 14:06:01 - Deleted: C:\\Users\\essias.souza\\OneDrive - FleetCor\DEV\\Python\\ConcLimpBackupV2.0.0\\Test_Enviroment\\month04\abr29
15/05/2024 14:06:03 - End of process.
15/05/2024 14:18:32 - Starting application
15/05/2024 14:18:32 - Defined date:04/05/2024 00:00:00
15/05/2024 14:18:32 - Deleted: C:\\Users\\essias.souza\\OneDrive - FleetCor\DEV\\Python\\ConcLimpBackupV2.0.0\\Test_Enviroment\\month04\abr01
15/05/2024 14:18:34 - Deleted: C:\\Users\\essias.souza\\OneDrive - FleetCor\DEV\\Python\\ConcLimpBackupV2.0.0\\Test_Enviroment\\month04\abr02
15/05/2024 14:18:36 - Deleted: C:\\Users\\essias.souza\\OneDrive - FleetCor\DEV\\Python\\ConcLimpBackupV2.0.0\\Test_Enviroment\\month04\abr03
15/05/2024 14:18:38 - Deleted: C:\\Users\\essias.souza\\OneDrive - FleetCor\DEV\\Python\\ConcLimpBackupV2.0.0\\Test_Enviroment\\month04\abr04
15/05/2024 14:18:40 - Deleted: C:\\Users\\essias.souza\\OneDrive - FleetCor\DEV\\Python\\ConcLimpBackupV2.0.0\\Test_Enviroment\\month04\abr05
15/05/2024 14:18:42 - Deleted: C:\\Users\\essias.souza\\OneDrive - FleetCor\DEV\\Python\\ConcLimpBackupV2.0.0\\Test_Enviroment\\month04\abr06
15/05/2024 14:18:44 - Deleted: C:\\Users\\essias.souza\\OneDrive - FleetCor\DEV\\Python\\ConcLimpBackupV2.0.0\\Test_Enviroment\\month04\abr07
15/05/2024 14:18:46 - Deleted: C:\\Users\\essias.souza\\OneDrive - FleetCor\DEV\\Python\\ConcLimpBackupV2.0.0\\Test_Enviroment\\month04\abr08
15/05/2024 14:18:48 - Deleted: C:\\Users\\essias.souza\\OneDrive - FleetCor\DEV\\Python\\ConcLimpBackupV2.0.0\\Test_Enviroment\\month04\abr09
15/05/2024 14:18:50 - Deleted: C:\\Users\\essias.souza\\OneDrive - FleetCor\DEV\\Python\\ConcLimpBackupV2.0.0\\Test_Enviroment\\month04\abr10
15/05/2024 14:18:52 - Deleted: C:\\Users\\essias.souza\\OneDrive - FleetCor\DEV\\Python\\ConcLimpBackupV2.0.0\\Test_Enviroment\\month04\abr11
15/05/2024 14:18:54 - Deleted: C:\\Users\\essias.souza\\OneDrive - FleetCor\DEV\\Python\\ConcLimpBackupV2.0.0\\Test_Enviroment\\month04\abr12
15/05/2024 14:18:56 - Deleted: C:\\Users\\essias.souza\\OneDrive - FleetCor\DEV\\Python\\ConcLimpBackupV2.0.0\\Test_Enviroment\\month04\abr13
15/05/2024 14:18:58 - Deleted: C:\\Users\\essias.souza\\OneDrive - FleetCor\DEV\\Python\\ConcLimpBackupV2.0.0\\Test_Enviroment\\month04\abr14
15/05/2024 14:19:00 - Deleted: C:\\Users\\essias.souza\\OneDrive - FleetCor\DEV\\Python\\ConcLimpBackupV2.0.0\\Test_Enviroment\\month04\abr15
15/05/2024 14:19:02 - Deleted: C:\\Users\\essias.souza\\OneDrive - FleetCor\DEV\\Python\\ConcLimpBackupV2.0.0\\Test_Enviroment\\month04\abr16
15/05/2024 14:19:04 - Deleted: C:\\Users\\essias.souza\\OneDrive - FleetCor\DEV\\Python\\ConcLimpBackupV2.0.0\\Test_Enviroment\\month04\abr17
15/05/2024 14:19:06 - Deleted: C:\\Users\\essias.souza\\OneDrive - FleetCor\DEV\\Python\\ConcLimpBackupV2.0.0\\Test_Enviroment\\month04\abr18
15/05/2024 14:19:08 - Deleted: C:\\Users\\essias.souza\\OneDrive - FleetCor\DEV\\Python\\ConcLimpBackupV2.0.0\\Test_Enviroment\\month04\abr19
15/05/2024 14:19:10 - Deleted: C:\\Users\\essias.souza\\OneDrive - FleetCor\DEV\\Python\\ConcLimpBackupV2.0.0\\Test_Enviroment\\month04\abr20
15/05/2024 14:19:12 - Deleted: C:\\Users\\essias.souza\\OneDrive - FleetCor\DEV\\Python\\ConcLimpBackupV2.0.0\\Test_Enviroment\\month04\abr21
15/05/2024 14:19:14 - Deleted: C:\\Users\\essias.souza\\OneDrive - FleetCor\DEV\\Python\\ConcLimpBackupV2.0.0\\Test_Enviroment\\month04\abr22
15/05/2024 14:19:16 - Deleted: C:\\Users\\essias.souza\\OneDrive - FleetCor\DEV\\Python\\ConcLimpBackupV2.0.0\\Test_Enviroment\\month04\abr23
15/05/2024 14:19:18 - Deleted: C:\\Users\\essias.souza\\OneDrive - FleetCor\DEV\\Python\\ConcLimpBackupV2.0.0\\Test_Enviroment\\month04\abr24
15/05/2024 14:19:20 - Deleted: C:\\Users\\essias.souza\\OneDrive - FleetCor\DEV\\Python\\ConcLimpBackupV2.0.0\\Test_Enviroment\\month04\abr25
15/05/2024 14:19:22 - Deleted: C:\\Users\\essias.souza\\OneDrive - FleetCor\DEV\\Python\\ConcLimpBackupV2.0.0\\Test_Enviroment\\month04\abr26
15/05/2024 14:19:24 - Deleted: C:\\Users\\essias.souza\\OneDrive - FleetCor\DEV\\Python\\ConcLimpBackupV2.0.0\\Test_Enviroment\\month04\abr27
15/05/2024 14:19:26 - Deleted: C:\\Users\\essias.souza\\OneDrive - FleetCor\DEV\\Python\\ConcLimpBackupV2.0.0\\Test_Enviroment\\month04\abr28
15/05/2024 14:19:28 - Deleted: C:\\Users\\essias.souza\\OneDrive - FleetCor\DEV\\Python\\ConcLimpBackupV2.0.0\\Test_Enviroment\\month04\abr29
15/05/2024 14:19:30 - End of daily process.
15/05/2024 15:13:52 - Starting application
15/05/2024 15:13:52 - Defined date:04/05/2024 00:00:00
15/05/2024 15:14:30 - Starting application
15/05/2024 15:14:30 - Defined date:04/05/2024 00:00:00
15/05/2024 15:14:53 - Starting application
15/05/2024 15:14:53 - Defined date:04/05/2024 00:00:00
15/05/2024 15:14:58 - Starting application
15/05/2024 15:14:58 - Defined date:04/05/2024 00:00:00
15/05/2024 15:15:28 - Starting application
15/05/2024 15:15:28 - Defined date:04/05/2024 00:00:00
15/05/2024 15:17:49 - Starting application
15/05/2024 15:17:49 - Defined date:04/05/2024 00:00:00
15/05/2024 15:18:13 - Starting application
15/05/2024 15:18:13 - Defined date:04/05/2024 00:00:00
15/05/2024 15:18:56 - Starting application
15/05/2024 15:19:51 - Starting application
15/05/2024 15:20:34 - Starting application
15/05/2024 15:22:09 - Starting application
15/05/2024 15:27:11 - Starting application
15/05/2024 15:29:44 - Starting application
15/05/2024 15:30:21 - Starting application
15/05/2024 15:31:10 - Starting application
15/05/2024 15:33:01 - Starting application
15/05/2024 15:33:01 - Defined date:04/05/2024 00:00:00
15/05/2024 15:33:01 - End of daily process.
